<?xml version="1.0" encoding="UTF-8"?>
<!-- Generated by org.testng.reporters.JUnitXMLReporter -->
<testsuite hostname="xebias-MacBook-Pro.local" ignored="5" name="Default test(failed)" tests="2" failures="0" timestamp="12 Jun 2019 10:27:30 GMT" time="18.492" errors="0">
  <testcase name="Test_Mobile_number" time="1.478" classname="testCases.TestFunctionalities"/>
  <testcase name="Test_NavigationBar" time="0.287" classname="testCases.TestFunctionalities"/>
  <testcase name="Test_Mashreq_News" time="0.0" classname="testCases.TestFunctionalities">
    <ignored/>
  </testcase> <!-- Test_Mashreq_News -->
  <testcase name="Test_Contact_Us_Mandatory_Fields" time="0.0" classname="testCases.TestFunctionalities">
    <ignored/>
  </testcase> <!-- Test_Contact_Us_Mandatory_Fields -->
  <testcase name="Test_Contact_Us_homepage" time="0.0" classname="testCases.TestFunctionalities">
    <ignored/>
  </testcase> <!-- Test_Contact_Us_homepage -->
  <testcase name="Test_Field_I_am_looking_into" time="0.0" classname="testCases.TestFunctionalities">
    <ignored/>
  </testcase> <!-- Test_Field_I_am_looking_into -->
  <testcase name="Test_Intial_Sub_Product" time="0.0" classname="testCases.TestFunctionalities">
    <ignored/>
  </testcase> <!-- Test_Intial_Sub_Product -->
</testsuite> <!-- Default test(failed) -->
