<?xml version="1.0" encoding="UTF-8"?>
<!-- Generated by org.testng.reporters.JUnitXMLReporter -->
<testsuite hostname="xebias-MacBook-Pro.local" ignored="0" name="Default test" tests="7" failures="0" timestamp="12 Jun 2019 10:30:01 GMT" time="64.413" errors="0">
  <testcase name="Test_Contact_Us_Mandatory_Fields" time="0.984" classname="testCases.TestFunctionalities"/>
  <testcase name="Test_Contact_Us_homepage" time="0.125" classname="testCases.TestFunctionalities"/>
  <testcase name="Test_Field_I_am_looking_into" time="0.768" classname="testCases.TestFunctionalities"/>
  <testcase name="Test_Intial_Sub_Product" time="1.228" classname="testCases.TestFunctionalities"/>
  <testcase name="Test_Mashreq_News" time="0.054" classname="testCases.TestFunctionalities"/>
  <testcase name="Test_Mobile_number" time="1.328" classname="testCases.TestFunctionalities"/>
  <testcase name="Test_NavigationBar" time="0.27" classname="testCases.TestFunctionalities"/>
</testsuite> <!-- Default test -->
