<?xml version="1.0" encoding="UTF-8"?>
<testng-results skipped="0" failed="0" ignored="6" total="7" passed="1">
  <reporter-output>
  </reporter-output>
  <suite name="Default suite" duration-ms="7633" started-at="2019-05-29T10:58:38Z" finished-at="2019-05-29T10:58:45Z">
    <groups>
    </groups>
    <test name="Default test" duration-ms="7633" started-at="2019-05-29T10:58:38Z" finished-at="2019-05-29T10:58:45Z">
      <class name="testCases.TestFunctionalities">
        <test-method status="PASS" signature="setUp()[pri:0, instance:testCases.TestFunctionalities@5656be13]" name="setUp" is-config="true" duration-ms="6136" started-at="2019-05-29T10:58:38Z" finished-at="2019-05-29T10:58:44Z">
          <reporter-output>
          </reporter-output>
        </test-method> <!-- setUp -->
        <test-method status="PASS" signature="Test_Mobile_number()[pri:0, instance:testCases.TestFunctionalities@5656be13]" name="Test_Mobile_number" duration-ms="1122" started-at="2019-05-29T10:58:44Z" finished-at="2019-05-29T10:58:45Z">
          <reporter-output>
          </reporter-output>
        </test-method> <!-- Test_Mobile_number -->
        <test-method status="PASS" signature="afterTestExecution(org.testng.ITestResult)[pri:0, instance:testCases.TestFunctionalities@5656be13]" name="afterTestExecution" is-config="true" duration-ms="359" started-at="2019-05-29T10:58:45Z" finished-at="2019-05-29T10:58:45Z">
          <params>
            <param index="0">
              <value>
                <![CDATA[[TestResult name=Test_Mobile_number status=SUCCESS method=TestFunctionalities.Test_Mobile_number()[pri:0, instance:testCases.TestFunctionalities@5656be13] output={null}]]]>
              </value>
            </param>
          </params>
          <reporter-output>
          </reporter-output>
        </test-method> <!-- afterTestExecution -->
      </class> <!-- testCases.TestFunctionalities -->
    </test> <!-- Default test -->
  </suite> <!-- Default suite -->
</testng-results>
